[2021-04-06T11:13:38.410Z] [[31merror[39m] [38;5;13m[1m=>[22m[39m Not Found undefined
[2021-04-06T11:15:01.910Z] [[31merror[39m] [38;5;13m[1m=>[22m[39m Not Found undefined
[2021-04-06T21:24:13.351Z] [[31merror[39m] [38;5;13m[1m=>[22m[39m error while register [object Object]
[2021-04-06T21:27:51.961Z] [[31merror[39m] [38;5;13m[1m=>[22m[39m error while register [object Object]
[2021-04-06T21:37:17.343Z] [[31merror[39m] [38;5;13m[1m=>[22m[39m error while register [object Object]
[2021-04-06T21:41:41.977Z] [[31merror[39m] [38;5;13m[1m=>[22m[39m error while register [object Object]
[2021-04-06T21:45:23.790Z] [[31merror[39m] [38;5;13m[1m=>[22m[39m error while register [object Object]
[2021-04-06T21:45:47.205Z] [[31merror[39m] [38;5;13m[1m=>[22m[39m error while register [object Object]
[2021-04-06T21:55:35.344Z] [[31merror[39m] [38;5;13m[1m=>[22m[39m error while register [object Object]
[2021-04-06T21:56:15.250Z] [[31merror[39m] [38;5;13m[1m=>[22m[39m error while register [object Object]
[2021-04-06T22:01:08.689Z] [[31merror[39m] [38;5;13m[1m=>[22m[39m error while register [object Object]
[2021-04-06T22:04:41.286Z] [[31merror[39m] [38;5;13m[1m=>[22m[39m error while register [object Object]
[2021-04-06T22:05:59.069Z] [[31merror[39m] [38;5;13m[1m=>[22m[39m error while register [object Object]
[2021-04-06T22:30:35.153Z] [[31merror[39m] [38;5;13m[1m=>[22m[39m error while register [object Object]
[2021-04-06T22:32:03.784Z] [[31merror[39m] [38;5;13m[1m=>[22m[39m error while register [object Object]
[2021-04-06T22:41:27.713Z] [[31merror[39m] [38;5;13m[1m=>[22m[39m error while register [object Object]
[2021-04-06T22:43:36.555Z] [[31merror[39m] [38;5;13m[1m=>[22m[39m error while register [object Object]
[2021-04-06T22:44:40.514Z] [[31merror[39m] [38;5;13m[1m=>[22m[39m error while register [object Object]
[2021-04-06T23:07:44.606Z] [[31merror[39m] [38;5;13m[1m=>[22m[39m Not Found undefined
[2021-04-06T23:07:50.563Z] [[31merror[39m] [38;5;13m[1m=>[22m[39m error while register [object Object]
[2021-04-06T23:08:39.902Z] [[31merror[39m] [38;5;13m[1m=>[22m[39m error while register [object Object]
[2021-04-06T23:09:37.790Z] [[31merror[39m] [38;5;13m[1m=>[22m[39m error while register [object Object]
[2021-04-06T23:12:29.957Z] [[31merror[39m] [38;5;13m[1m=>[22m[39m error while register [object Object]
[2021-04-06T23:13:29.545Z] [[31merror[39m] [38;5;13m[1m=>[22m[39m error while register [object Object]
[2021-04-06T23:13:55.378Z] [[31merror[39m] [38;5;13m[1m=>[22m[39m the email undefined already exists undefined
[2021-04-06T23:15:09.282Z] [[31merror[39m] [38;5;13m[1m=>[22m[39m the email undefined already exists undefined
[2021-04-06T23:16:26.506Z] [[31merror[39m] [38;5;13m[1m=>[22m[39m error while register [object Object]
[2021-04-06T23:22:55.046Z] [[31merror[39m] [38;5;13m[1m=>[22m[39m error while register [object Object]
[2021-04-06T23:27:56.454Z] [[31merror[39m] [38;5;13m[1m=>[22m[39m error while register [object Object]
[2021-04-06T23:29:58.959Z] [[31merror[39m] [38;5;13m[1m=>[22m[39m error while register [object Object]
[2021-04-06T23:32:38.983Z] [[31merror[39m] [38;5;13m[1m=>[22m[39m error while register [object Object]
[2021-04-07T01:33:20.599Z] [[31merror[39m] [38;5;13m[1m=>[22m[39m the email akinyeleolat2005@gmail.com already exists undefined
[2021-04-07T01:54:11.240Z] [[31merror[39m] [38;5;13m[1m=>[22m[39m Not Found undefined
[2021-04-07T01:54:25.840Z] [[31merror[39m] [38;5;13m[1m=>[22m[39m error while login [object Object]
[2021-04-07T01:56:15.281Z] [[31merror[39m] [38;5;13m[1m=>[22m[39m error while login [object Object]
[2021-04-07T01:59:22.349Z] [[31merror[39m] [38;5;13m[1m=>[22m[39m error while login [object Object]
[2021-04-07T02:00:15.944Z] [[31merror[39m] [38;5;13m[1m=>[22m[39m wrong password undefined
[2021-04-07T02:00:46.595Z] [[31merror[39m] [38;5;13m[1m=>[22m[39m wrong password undefined
[2021-04-07T02:01:20.941Z] [[31merror[39m] [38;5;13m[1m=>[22m[39m wrong password undefined
[2021-04-07T02:03:27.247Z] [[31merror[39m] [38;5;13m[1m=>[22m[39m error while login [object Object]
[2021-04-07T02:03:55.342Z] [[31merror[39m] [38;5;13m[1m=>[22m[39m user not found: akinyeleolat200@gmail.com undefined
[2021-04-07T02:04:27.990Z] [[31merror[39m] [38;5;13m[1m=>[22m[39m user not found: akinyeleolat200@gmail.com undefined
[2021-04-07T02:05:05.600Z] [[31merror[39m] [38;5;13m[1m=>[22m[39m error while login [object Object]
[2021-04-07T02:05:31.584Z] [[31merror[39m] [38;5;13m[1m=>[22m[39m error while login [object Object]
